2025-03-29 14:19:26,625 - INFO - Connecting to 91.108.56.127:443/TcpFull...
2025-03-29 14:19:26,813 - INFO - Connection to 91.108.56.127:443/TcpFull complete!
2025-03-29 14:19:27,925 - INFO - === 程序启动 ===
2025-03-29 14:19:27,926 - INFO - 已清空下载目录: txt/fdip
2025-03-29 14:19:27,926 - INFO - 已删除旧输出文件: proxy.txt
2025-03-29 14:19:28,129 - INFO - 开始扫描频道消息...
2025-03-29 14:19:28,609 - INFO - 发现新版本文件: 欧洲20250328ip ¹.txt
2025-03-29 14:19:28,609 - INFO - 发现新版本文件: 美洲20250328ip ¹.txt
2025-03-29 14:19:28,609 - INFO - 发现新版本文件: 亚洲20250328ip ¹.txt
2025-03-29 14:19:28,610 - INFO - 共处理 100 条消息，找到 3 个区域的最新文件
2025-03-29 14:19:28,611 - INFO - 开始下载: 欧洲20250328ip ¹.txt
2025-03-29 14:19:28,611 - INFO - Starting direct file download in chunks of 131072 at 0, stride 131072
2025-03-29 14:19:28,831 - INFO - 下载成功: 欧洲20250328ip ¹.txt (72538 bytes)
2025-03-29 14:19:28,831 - INFO - 开始下载: 美洲20250328ip ¹.txt
2025-03-29 14:19:28,832 - INFO - Starting direct file download in chunks of 131072 at 0, stride 131072
2025-03-29 14:19:29,046 - INFO - 下载成功: 美洲20250328ip ¹.txt (71811 bytes)
2025-03-29 14:19:29,047 - INFO - 开始下载: 亚洲20250328ip ¹.txt
2025-03-29 14:19:29,047 - INFO - Starting direct file download in chunks of 131072 at 0, stride 131072
2025-03-29 14:19:29,298 - INFO - 下载成功: 亚洲20250328ip ¹.txt (21403 bytes)
2025-03-29 14:19:29,298 - INFO - 开始合并 3 个文件
2025-03-29 14:19:29,301 - INFO - 合并完成 → proxy.txt
2025-03-29 14:19:29,302 - INFO - 检测到GitHub Actions环境，跳过提交步骤
2025-03-29 14:19:29,302 - INFO - === 程序结束 ===
2025-03-29 14:19:29,302 - INFO - Disconnecting from 91.108.56.127:443/TcpFull...
2025-03-29 14:19:29,302 - INFO - Disconnection from 91.108.56.127:443/TcpFull complete!
