2025-03-29 20:26:51,146 - INFO - Connecting to 91.108.56.127:443/TcpFull...
2025-03-29 20:26:51,375 - INFO - Connection to 91.108.56.127:443/TcpFull complete!
2025-03-29 20:26:52,752 - INFO - === 程序启动 ===
2025-03-29 20:26:52,753 - INFO - 已清空下载目录: txt/fdip
2025-03-29 20:26:52,753 - INFO - 已删除旧输出文件: proxy.txt
2025-03-29 20:26:53,014 - INFO - 开始扫描频道消息...
2025-03-29 20:26:53,531 - INFO - 发现新版本文件: 欧洲20250328ip ¹.txt
2025-03-29 20:26:53,531 - INFO - 发现新版本文件: 美洲20250328ip ¹.txt
2025-03-29 20:26:53,531 - INFO - 发现新版本文件: 亚洲20250328ip ¹.txt
2025-03-29 20:26:53,532 - INFO - 共处理 100 条消息，找到 3 个区域的最新文件
2025-03-29 20:26:53,533 - INFO - 开始下载: 欧洲20250328ip ¹.txt
2025-03-29 20:26:53,533 - INFO - Starting direct file download in chunks of 131072 at 0, stride 131072
2025-03-29 20:26:53,789 - INFO - 下载成功: 欧洲20250328ip ¹.txt (72538 bytes)
2025-03-29 20:26:53,789 - INFO - 开始下载: 美洲20250328ip ¹.txt
2025-03-29 20:26:53,789 - INFO - Starting direct file download in chunks of 131072 at 0, stride 131072
2025-03-29 20:26:54,037 - INFO - 下载成功: 美洲20250328ip ¹.txt (71811 bytes)
2025-03-29 20:26:54,037 - INFO - 开始下载: 亚洲20250328ip ¹.txt
2025-03-29 20:26:54,038 - INFO - Starting direct file download in chunks of 131072 at 0, stride 131072
2025-03-29 20:26:54,295 - INFO - 下载成功: 亚洲20250328ip ¹.txt (21403 bytes)
2025-03-29 20:26:54,295 - INFO - 开始合并 3 个文件
2025-03-29 20:26:54,298 - INFO - 合并完成 → proxy.txt
2025-03-29 20:26:54,298 - INFO - 检测到GitHub Actions环境，跳过提交步骤
2025-03-29 20:26:54,298 - INFO - === 程序结束 ===
2025-03-29 20:26:54,298 - INFO - Disconnecting from 91.108.56.127:443/TcpFull...
2025-03-29 20:26:54,298 - INFO - Disconnection from 91.108.56.127:443/TcpFull complete!
