2025-03-28 20:29:27,605 - INFO - Connecting to 91.108.56.127:443/TcpFull...
2025-03-28 20:29:27,829 - INFO - Connection to 91.108.56.127:443/TcpFull complete!
2025-03-28 20:29:28,986 - INFO - === 程序启动 ===
2025-03-28 20:29:28,986 - INFO - 已清空下载目录: txt/fdip
2025-03-28 20:29:28,987 - INFO - 已删除旧输出文件: proxy.txt
2025-03-28 20:29:29,219 - INFO - 开始扫描频道消息...
2025-03-28 20:29:29,636 - INFO - 发现新版本文件: 欧洲20250325ip ¹.txt
2025-03-28 20:29:29,636 - INFO - 发现新版本文件: 美洲20250325ip ¹.txt
2025-03-28 20:29:29,636 - INFO - 发现新版本文件: 亚洲20250325ip ¹.txt
2025-03-28 20:29:29,637 - INFO - 共处理 100 条消息，找到 3 个区域的最新文件
2025-03-28 20:29:29,637 - INFO - 开始下载: 欧洲20250325ip ¹.txt
2025-03-28 20:29:29,638 - INFO - Starting direct file download in chunks of 131072 at 0, stride 131072
2025-03-28 20:29:29,900 - INFO - 下载成功: 欧洲20250325ip ¹.txt (72483 bytes)
2025-03-28 20:29:29,900 - INFO - 开始下载: 美洲20250325ip ¹.txt
2025-03-28 20:29:29,901 - INFO - Starting direct file download in chunks of 131072 at 0, stride 131072
2025-03-28 20:29:30,158 - INFO - 下载成功: 美洲20250325ip ¹.txt (71671 bytes)
2025-03-28 20:29:30,158 - INFO - 开始下载: 亚洲20250325ip ¹.txt
2025-03-28 20:29:30,159 - INFO - Starting direct file download in chunks of 131072 at 0, stride 131072
2025-03-28 20:29:30,392 - INFO - 下载成功: 亚洲20250325ip ¹.txt (22521 bytes)
2025-03-28 20:29:30,392 - INFO - 开始合并 3 个文件
2025-03-28 20:29:30,396 - INFO - 合并完成 → proxy.txt
2025-03-28 20:29:30,396 - INFO - 检测到GitHub Actions环境，跳过提交步骤
2025-03-28 20:29:30,396 - INFO - === 程序结束 ===
2025-03-28 20:29:30,396 - INFO - Disconnecting from 91.108.56.127:443/TcpFull...
2025-03-28 20:29:30,396 - INFO - Disconnection from 91.108.56.127:443/TcpFull complete!
