2025-03-28 11:01:13,905 - INFO - 日志文件已创建: logs/ip_check_20250328_110113.log
2025-03-28 11:01:13,974 - INFO - [HKG] 域名解析 hk.616049.xyz => 
  - 104.18.86.137
  - 104.17.164.233
  - 104.17.128.137
  - 104.18.226.8
2025-03-28 11:01:14,046 - ERROR - DNS解析失败 us.616049.xyz: [Errno -5] No address associated with hostname
2025-03-28 11:01:14,046 - INFO - [LAX] 域名解析 us.616049.xyz => 
  - 无IP地址
2025-03-28 11:01:14,094 - INFO - [FRA] 域名解析 de.616049.xyz => 
  - 141.101.90.100
  - 141.101.90.101
  - 141.101.90.102
2025-03-28 11:01:14,160 - INFO - [SIN] 域名解析 sg.616049.xyz => 
  - 172.65.90.29
2025-03-28 11:01:14,207 - INFO - [NRT] 域名解析 jp.616049.xyz => 
  - 172.65.90.13
2025-03-28 11:01:14,248 - INFO - [ICN] 域名解析 kr.616049.xyz => 
  - 172.65.90.33
2025-03-28 11:01:14,310 - ERROR - DNS解析失败 nl.616049.xyz: [Errno -5] No address associated with hostname
2025-03-28 11:01:14,310 - INFO - [AMS] 域名解析 nl.616049.xyz => 
  - 无IP地址
2025-03-28 11:01:14,334 - INFO - [HKG] ✅ hk.616049.xyz:443 连接成功
2025-03-28 11:01:14,368 - INFO - [FRA] ✅ de.616049.xyz:443 连接成功
2025-03-28 11:01:14,370 - INFO - [NRT] ✅ jp.616049.xyz:443 连接成功
2025-03-28 11:01:14,388 - INFO - [ICN] ✅ kr.616049.xyz:443 连接成功
2025-03-28 11:01:14,394 - INFO - [SIN] ✅ sg.616049.xyz:443 连接成功
2025-03-28 11:01:14,483 - ERROR - [AMS] ❌ nl.616049.xyz:443 检测失败
  解析IP:
  - 无IP地址
  错误原因: gaierror: [Errno -5] No address associated with hostname
2025-03-28 11:01:14,502 - ERROR - [LAX] ❌ us.616049.xyz:443 检测失败
  解析IP:
  - 无IP地址
  错误原因: gaierror: [Errno -5] No address associated with hostname
2025-03-28 11:01:14,502 - INFO - 
========================================
2025-03-28 11:01:14,502 - INFO - CFST总检测区域: 7
2025-03-28 11:01:14,502 - INFO - ✅ 成功区域: 5
2025-03-28 11:01:14,503 - ERROR - ❌ 失败区域: 2
2025-03-28 11:01:14,503 - WARNING - Telegram 配置不完整，跳过通知
2025-03-28 11:01:14,503 - WARNING - Telegram 配置不完整，跳过通知
2025-03-28 11:01:14,503 - INFO - 
========================================
2025-03-28 11:01:14,503 - INFO - 触发更新: AMS,LAX
2025-03-28 11:01:56,430 - WARNING - Telegram 配置不完整，跳过通知
2025-03-28 11:01:56,430 - INFO - 🔄 更新成功
输出结果:

[36m
   ____ _      __ _       _ __ _____        _   __     ___
  / ___| | ___/ _| | __ _| / _|___ /  __ _| |_/ /_   / _ \ _ __ ___
 | |   | |/ / |_| |/ _` | | |_ |_ \ / _` | __| '_ \ | | | | '_ ` _ \
 | |___|   <|  _| | (_| | |  _|__) | (_| | |_| | | || |_| | | | | | |
  \____|_|\_\_| |_|\__,_|_|_| |____/ \__,_|\__|_| |_(_)___/|_| |_| |_|

[0m

[1m[32m🚀 开始执行 Cloudflare 优选IP自动化脚本[0m

已删除旧日志文件: logs/cfstip_20250327_061854.log
2025-03-28 11:01:14,542 - INFO - 已创建或确认目录 csv 存在。
2025-03-28 11:01:14,542 - INFO - 已创建或确认目录 logs 存在。
2025-03-28 11:01:14,542 - INFO - 已创建或确认目录 port 存在。
2025-03-28 11:01:14,542 - INFO - 已创建或确认目录 delay 存在。
2025-03-28 11:01:14,542 - INFO - 已创建或确认目录 speed 存在。
2025-03-28 11:01:14,543 - INFO - 清理旧CSV文件...
2025-03-28 11:01:14,543 - INFO - 已删除旧CSV文件：csv/ip/LAX.csv

[1m[33m▶ 请选择测试模式:[0m
[32m1[0m) [36m批量测试（所有区域）[0m
[32m2[0m) [36m逐个测试（分区域）[0m
[33m⏳ 5秒内未选择将自动使用逐个测试模式[0m
[32m✓ 已选择逐个测试模式[0m
2025-03-28 11:01:14,543 - INFO - 自定义运行区域: ['AMS', 'LAX']
[1m[33m▶ 请选择测速模式:[0m
[32m 1[0m) [36mHTTPing[0m (推荐测试网站响应)
[32m 2[0m) [36mTCPing[0m (仅测试TCP握手)
[33m⏳ 5秒内未选择将自动使用 HTTPing[0m
[32m✓ 已选择 HTTPing 模式[0m

[1m[33m🔧 正在处理区域 (1/2)：🇳🇱 AMS[0m
2025-03-28 11:01:14,543 - INFO - 正在测试区域: AMS，模式: HTTPing
# XIU2/CloudflareSpeedTest v2.2.6 

开始延迟测速（模式：HTTP, 端口：443, 线程数：500, 范围：10 ~ 288 ms, 丢包：0.20)

[信息] 延迟测速结果 IP 数量为 0，跳过下载测速。

[信息] 完整测速结果 IP 数量为 0，跳过输出结果。
2025-03-28 11:01:28,582 - INFO - csv/resultip.csv 文件已存在，无需新建。
2025-03-28 11:01:28,583 - WARNING - 文件 csv/resultip.csv 为空，跳过读取。
[31m⚠ 未找到有效IP数据，跳过处理[0m

[1m[33m🔧 正在处理区域 (2/2)：🇺🇸 LAX[0m
2025-03-28 11:01:28,583 - INFO - 正在测试区域: LAX，模式: HTTPing
# XIU2/CloudflareSpeedTest v2.2.6 

开始延迟测速（模式：HTTP, 端口：443, 线程数：500, 范围：10 ~ 288 ms, 丢包：0.20)
开始下载测速（下限：0.00 MB/s, 数量：3, 队列：3）
IP 地址           已发送  已接收  丢包率  平均延迟  下载速度 (MB/s) 地区码(Colo)
172.64.40.49      4       4       0.00    37.58     108.21         LAX       
162.159.38.45     4       4       0.00    95.02     103.58         LAX       
198.41.218.1      4       4       0.00    35.47     88.97          LAX       

完整测速结果已写入 csv/resultip.csv 文件，可使用记事本/表格软件查看。
2025-03-28 11:01:48,240 - INFO - csv/resultip.csv 文件已存在，无需新建。
[36m🧹 清理 LAX 的旧记录...[0m
2025-03-28 11:01:48,240 - INFO - 从文件 delay/ip.txt 中删除条目: 198.41.214.193#🇺🇸US1┃20.62ms
2025-03-28 11:01:48,241 - INFO - 从文件 delay/ip.txt 中删除条目: 172.64.40.240#🇺🇸US2┃21.09ms
2025-03-28 11:01:48,241 - INFO - 从文件 delay/ip.txt 中删除条目: 172.66.42.176#🇺🇸US3┃24.03ms
  已清理 delay/ip.txt 中的 3 条旧记录
2025-03-28 11:01:48,241 - INFO - 从文件 port/ip.txt 中删除条目: 198.41.214.193:443#🇺🇸US1
2025-03-28 11:01:48,242 - INFO - 从文件 port/ip.txt 中删除条目: 172.64.40.240:443#🇺🇸US2
2025-03-28 11:01:48,242 - INFO - 从文件 port/ip.txt 中删除条目: 172.66.42.176:443#🇺🇸US3
  已清理 port/ip.txt 中的 3 条旧记录
2025-03-28 11:01:48,242 - INFO - 写入: 198.41.218.1#🇺🇸US1┃35.47ms
2025-03-28 11:01:48,242 - INFO - 写入: 172.64.40.49#🇺🇸US2┃37.58ms
2025-03-28 11:01:48,242 - INFO - 写入: 162.159.38.45#🇺🇸US3┃95.02ms
[32m✓ 已写入 3 条IP到 delay/ip.txt[0m
2025-03-28 11:01:48,242 - INFO - 写入: 198.41.218.1:443#🇺🇸US1
2025-03-28 11:01:48,243 - INFO - 写入: 172.64.40.49:443#🇺🇸US2
2025-03-28 11:01:48,243 - INFO - 写入: 162.159.38.45:443#🇺🇸US3
[32m✓ 已写入 3 条IP到 port/ip.txt[0m
2025-03-28 11:01:48,243 - INFO - 写入: 198.41.218.1:443#🇺🇸US1┃⚡88.97MB/s
2025-03-28 11:01:48,243 - INFO - 写入: 172.64.40.49:443#🇺🇸US2┃⚡108.21MB/s
2025-03-28 11:01:48,243 - INFO - 写入: 162.159.38.45:443#🇺🇸US3┃⚡103.58MB/s
[32m✓ 已追加 3 条高速IP到 speed/ip.txt[0m
[36m📦 结果已归档到 csv/ip/LAX.csv[0m
2025-03-28 11:01:48,244 - INFO - 正在调用 checker.py 检查 IP 列表...
Deleted old log file: logs/checker_20250327_061912.log
2025-03-28 11:01:56,424 - INFO - checker.py 执行完成。
2025-03-28 11:01:56,424 - INFO - 正在 GitHub Actions 环境中运行，跳过提交代码到github

2025-03-28 11:01:56,430 - INFO - 
========================================
2025-03-28 11:01:56,430 - INFO - 检测到有效CSV文件，触发DDNS更新
❌ AMS.csv 文件不存在
✅ LAX.csv 包含有效数据 (206字节)
2025-03-28 11:01:58,240 - WARNING - Telegram 配置不完整，跳过通知
2025-03-28 11:01:58,240 - INFO - 🔄 DDNS更新成功
输出结果:

